c:\users\nikita\source\repos\sibers\dungeongame\dungeongame\debug\vc141.pdb
c:\users\nikita\source\repos\sibers\dungeongame\dungeongame\debug\vc141.idb
c:\users\nikita\source\repos\sibers\dungeongame\dungeongame\debug\view.obj
c:\users\nikita\source\repos\sibers\dungeongame\dungeongame\debug\room.obj
c:\users\nikita\source\repos\sibers\dungeongame\dungeongame\debug\player.obj
c:\users\nikita\source\repos\sibers\dungeongame\dungeongame\debug\dungeonmap.obj
c:\users\nikita\source\repos\sibers\dungeongame\dungeongame\debug\main.obj
c:\users\nikita\source\repos\sibers\dungeongame\dungeongame\debug\key.obj
c:\users\nikita\source\repos\sibers\dungeongame\dungeongame\debug\itemfactory.obj
c:\users\nikita\source\repos\sibers\dungeongame\dungeongame\debug\itemcreator.obj
c:\users\nikita\source\repos\sibers\dungeongame\dungeongame\debug\item.obj
c:\users\nikita\source\repos\sibers\dungeongame\dungeongame\debug\food.obj
c:\users\nikita\source\repos\sibers\dungeongame\dungeongame\debug\controller.obj
c:\users\nikita\source\repos\sibers\dungeongame\dungeongame\debug\coin.obj
c:\users\nikita\source\repos\sibers\dungeongame\dungeongame\debug\chest.obj
c:\users\nikita\source\repos\sibers\dungeongame\dungeongame\debug\abstractitemcreator.obj
c:\users\nikita\source\repos\sibers\dungeongame\debug\dungeongame.pdb
c:\users\nikita\source\repos\sibers\dungeongame\dungeongame\debug\dungeongame.tlog\cl.command.1.tlog
c:\users\nikita\source\repos\sibers\dungeongame\dungeongame\debug\dungeongame.tlog\cl.read.1.tlog
c:\users\nikita\source\repos\sibers\dungeongame\dungeongame\debug\dungeongame.tlog\cl.write.1.tlog
c:\users\nikita\source\repos\sibers\dungeongame\dungeongame\debug\dungeongame.tlog\link-cvtres.read.1.tlog
c:\users\nikita\source\repos\sibers\dungeongame\dungeongame\debug\dungeongame.tlog\link-cvtres.write.1.tlog
c:\users\nikita\source\repos\sibers\dungeongame\dungeongame\debug\dungeongame.tlog\link-rc.read.1.tlog
c:\users\nikita\source\repos\sibers\dungeongame\dungeongame\debug\dungeongame.tlog\link-rc.write.1.tlog
c:\users\nikita\source\repos\sibers\dungeongame\dungeongame\debug\dungeongame.tlog\link.command.1.tlog
c:\users\nikita\source\repos\sibers\dungeongame\dungeongame\debug\dungeongame.tlog\link.read.1.tlog
c:\users\nikita\source\repos\sibers\dungeongame\dungeongame\debug\dungeongame.tlog\link.write.1.tlog
